$ /home/yyb/pyg4/bin/python -u /home/yyb/workspace/XRay-all/XRay-detectionCode/scripts/pipeline/run_full_pipeline.py --stages generate blank simulate render snr build train --batch-id tmp123213 --num-samples 10 --sample-start-index 1 --ore-ratio 0.5 --seed 42 --matrix-material G4_SILICON_DIOXIDE --matrix-density 2.65 --target-material G4_PbS --target-density 7.6 --target-grade-min 0.0 --target-grade-max 20.0 --raw-root data/raw --processed-root data/processed --experiments-root experiments --blank-dir data/raw/output_blank --simulation-root simulation --master-macro simulation/master.mac --beam-on 100 --ore-mode tessellated --tess-max-retries 3 --label-threshold 5.0 --train-ratio 0.7 --val-ratio 0.15 --epochs 30 --batch-size 16 --lr 0.001 --num-workers 0 --balance-mode both --snr-report-dir experiments/snr_reports --randomize-seed --geometry-guard
[2026-04-26 14:06:34] [blank] generated -> ./data/raw/batch_tmp123213/blank
[2026-04-26 14:06:34] [pipeline] using blank_dir=./data/raw/batch_tmp123213/blank
[2026-04-26 14:06:34] [pipeline] using seed=3438536760 (randomized=True)
[2026-04-26 14:06:34] [pipeline] generate sample_start_index=1
[2026-04-26 14:06:37] [生成] 成功生成棱角矿石模型: ./data/raw/batch_tmp123213/sample_00001_waste/ore.gdml (模式: tessellated, 材质: mix, 凸起块: 15, 切割面: 23, 尺寸标度: 21.95235701094811)
[2026-04-26 14:06:37] [生成] 成功生成棱角矿石模型: ./data/raw/batch_tmp123213/sample_00002_ore/ore.gdml (模式: tessellated, 材质: mix, 凸起块: 14, 切割面: 15, 尺寸标度: 20.661346834992422)
[2026-04-26 14:06:37] [生成] 成功生成棱角矿石模型: ./data/raw/batch_tmp123213/sample_00003_ore/ore.gdml (模式: tessellated, 材质: mix, 凸起块: 11, 切割面: 17, 尺寸标度: 16.260730351427743)
[2026-04-26 14:06:37] [生成] 成功生成棱角矿石模型: ./data/raw/batch_tmp123213/sample_00004_ore/ore.gdml (模式: tessellated, 材质: mix, 凸起块: 12, 切割面: 13, 尺寸标度: 19.866508788186096)
[2026-04-26 14:06:37] [生成] 成功生成棱角矿石模型: ./data/raw/batch_tmp123213/sample_00005_ore/ore.gdml (模式: tessellated, 材质: mix, 凸起块: 9, 切割面: 14, 尺寸标度: 19.01386522131378)
[2026-04-26 14:06:37] [生成] 成功生成棱角矿石模型: ./data/raw/batch_tmp123213/sample_00006_waste/ore.gdml (模式: tessellated, 材质: mix, 凸起块: 16, 切割面: 23, 尺寸标度: 20.851018096059697)
[2026-04-26 14:06:37] [生成] 成功生成棱角矿石模型: ./data/raw/batch_tmp123213/sample_00007_ore/ore.gdml (模式: tessellated, 材质: mix, 凸起块: 12, 切割面: 16, 尺寸标度: 20.52418089060601)
[2026-04-26 14:06:37] [生成] 成功生成棱角矿石模型: ./data/raw/batch_tmp123213/sample_00008_waste/ore.gdml (模式: tessellated, 材质: mix, 凸起块: 15, 切割面: 18, 尺寸标度: 21.95419818829231)
[2026-04-26 14:06:37] [生成] 成功生成棱角矿石模型: ./data/raw/batch_tmp123213/sample_00009_ore/ore.gdml (模式: tessellated, 材质: mix, 凸起块: 14, 切割面: 18, 尺寸标度: 17.736765981065506)
[2026-04-26 14:06:37] [生成] 成功生成棱角矿石模型: ./data/raw/batch_tmp123213/sample_00010_ore/ore.gdml (模式: tessellated, 材质: mix, 凸起块: 14, 切割面: 18, 尺寸标度: 21.142637206676078)
[2026-04-26 14:06:37] [generate] batch=tmp123213, samples=10 -> ./data/raw/batch_tmp123213
[2026-04-26 14:06:37] [simulate] (1) sample_00001_waste
[2026-04-26 14:06:39] [simulate] geometry_guard: tessellated pass at try=1
[2026-04-26 14:06:39] [simulate] (2) sample_00002_ore
[2026-04-26 14:06:41] [simulate] geometry_guard: tessellated pass at try=1
[2026-04-26 14:06:41] [simulate] (3) sample_00003_ore
[2026-04-26 14:06:43] [simulate] geometry_guard: tessellated pass at try=1
[2026-04-26 14:06:43] [simulate] (4) sample_00004_ore
[2026-04-26 14:06:45] [simulate] geometry_guard: tessellated pass at try=1
[2026-04-26 14:06:45] [simulate] (5) sample_00005_ore
[2026-04-26 14:06:47] [simulate] geometry_guard: tessellated pass at try=1
[2026-04-26 14:06:47] [simulate] (6) sample_00006_waste
[2026-04-26 14:06:49] [simulate] geometry_guard: tessellated pass at try=1
[2026-04-26 14:06:49] [simulate] (7) sample_00007_ore
[2026-04-26 14:06:51] [simulate] geometry_guard: tessellated pass at try=1
[2026-04-26 14:06:51] [simulate] (8) sample_00008_waste
[2026-04-26 14:06:53] [simulate] geometry_guard: tessellated pass at try=1
[2026-04-26 14:06:53] [simulate] (9) sample_00009_ore
[2026-04-26 14:06:55] [simulate] geometry_guard: tessellated pass at try=1
[2026-04-26 14:06:55] [simulate] (10) sample_00010_ore
[2026-04-26 14:06:56] [simulate] geometry_guard: tessellated pass at try=1
[2026-04-26 14:06:56] [simulate] finished 10 samples
[2026-04-26 14:06:57] [render] (1) sample_00001_waste -> ./data/raw/batch_tmp123213/sample_00001_waste/images
[2026-04-26 14:06:57] [render] (2) sample_00002_ore -> ./data/raw/batch_tmp123213/sample_00002_ore/images
[2026-04-26 14:06:57] [render] (3) sample_00003_ore -> ./data/raw/batch_tmp123213/sample_00003_ore/images
[2026-04-26 14:06:57] [render] (4) sample_00004_ore -> ./data/raw/batch_tmp123213/sample_00004_ore/images
[2026-04-26 14:06:57] [render] (5) sample_00005_ore -> ./data/raw/batch_tmp123213/sample_00005_ore/images
[2026-04-26 14:06:57] [render] (6) sample_00006_waste -> ./data/raw/batch_tmp123213/sample_00006_waste/images
[2026-04-26 14:06:57] [render] (7) sample_00007_ore -> ./data/raw/batch_tmp123213/sample_00007_ore/images
[2026-04-26 14:06:57] [render] (8) sample_00008_waste -> ./data/raw/batch_tmp123213/sample_00008_waste/images
[2026-04-26 14:06:57] [render] (9) sample_00009_ore -> ./data/raw/batch_tmp123213/sample_00009_ore/images
[2026-04-26 14:06:57] [render] (10) sample_00010_ore -> ./data/raw/batch_tmp123213/sample_00010_ore/images
[2026-04-26 14:06:57] [render] finished 10 samples
[2026-04-26 14:06:57] [snr] sample_00001_waste: FAIL -> ./experiments/snr_reports/batch_tmp123213/sample_00001_waste_snr.json
[2026-04-26 14:06:57] [snr] sample_00002_ore: FAIL -> ./experiments/snr_reports/batch_tmp123213/sample_00002_ore_snr.json
[2026-04-26 14:06:57] [snr] sample_00003_ore: FAIL -> ./experiments/snr_reports/batch_tmp123213/sample_00003_ore_snr.json
[2026-04-26 14:06:57] [snr] sample_00004_ore: FAIL -> ./experiments/snr_reports/batch_tmp123213/sample_00004_ore_snr.json
[2026-04-26 14:06:57] [snr] sample_00005_ore: FAIL -> ./experiments/snr_reports/batch_tmp123213/sample_00005_ore_snr.json
[2026-04-26 14:06:57] [snr] sample_00006_waste: FAIL -> ./experiments/snr_reports/batch_tmp123213/sample_00006_waste_snr.json
[2026-04-26 14:06:57] [snr] sample_00007_ore: FAIL -> ./experiments/snr_reports/batch_tmp123213/sample_00007_ore_snr.json
[2026-04-26 14:06:57] [snr] sample_00008_waste: FAIL -> ./experiments/snr_reports/batch_tmp123213/sample_00008_waste_snr.json
[2026-04-26 14:06:57] [snr] sample_00009_ore: FAIL -> ./experiments/snr_reports/batch_tmp123213/sample_00009_ore_snr.json
[2026-04-26 14:06:57] [snr] sample_00010_ore: FAIL -> ./experiments/snr_reports/batch_tmp123213/sample_00010_ore_snr.json
[2026-04-26 14:06:57] [snr] summary -> ./experiments/snr_reports/batch_tmp123213/summary.json
[2026-04-26 14:06:57] [信噪] Dataset build completed.
[2026-04-26 14:06:57] [信噪] Output: ./data/processed/r_value_dataset
[2026-04-26 14:06:57] [信噪] Split counts: {'train': 7, 'val': 1, 'test': 2}
[2026-04-26 14:07:06] [Epoch 001] train_loss=0.5923, train_acc=0.4753, val_loss=1.1434, val_acc=0.1964
[2026-04-26 14:07:12] [Epoch 002] train_loss=0.5622, train_acc=0.5665, val_loss=1.0425, val_acc=0.1964
[2026-04-26 14:07:18] [Epoch 003] train_loss=0.5910, train_acc=0.5437, val_loss=0.9989, val_acc=0.1964
[2026-04-26 14:07:24] [Epoch 004] train_loss=0.4393, train_acc=0.7110, val_loss=1.2134, val_acc=0.1964
[2026-04-26 14:07:29] [Epoch 005] train_loss=0.2859, train_acc=0.8061, val_loss=1.1289, val_acc=0.6786
[2026-04-26 14:07:35] [Epoch 006] train_loss=0.3791, train_acc=0.7490, val_loss=0.4997, val_acc=0.8036
[2026-04-26 14:07:41] [Epoch 007] train_loss=0.3700, train_acc=0.7833, val_loss=3.0735, val_acc=0.6964
[2026-04-26 14:07:47] [Epoch 008] train_loss=0.3684, train_acc=0.7681, val_loss=0.6162, val_acc=0.7500
[2026-04-26 14:07:53] [Epoch 009] train_loss=0.3394, train_acc=0.8213, val_loss=0.5106, val_acc=0.8036
[2026-04-26 14:07:59] [Epoch 010] train_loss=0.2862, train_acc=0.8289, val_loss=0.6951, val_acc=0.8036
[2026-04-26 14:08:05] [Epoch 011] train_loss=0.2688, train_acc=0.8517, val_loss=0.9538, val_acc=0.7500
[2026-04-26 14:08:11] [Epoch 012] train_loss=0.3772, train_acc=0.7490, val_loss=3.0975, val_acc=0.4643
[2026-04-26 14:08:16] [Epoch 013] train_loss=0.4166, train_acc=0.7072, val_loss=0.8026, val_acc=0.5357
[2026-04-26 14:08:22] [Epoch 014] train_loss=0.3444, train_acc=0.7757, val_loss=1.5004, val_acc=0.3750
[2026-04-26 14:08:29] [Epoch 015] train_loss=0.2687, train_acc=0.8213, val_loss=0.6543, val_acc=0.6786
[2026-04-26 14:08:35] [Epoch 016] train_loss=0.3172, train_acc=0.8023, val_loss=2.4867, val_acc=0.2321
[2026-04-26 14:08:40] [Epoch 017] train_loss=0.3740, train_acc=0.7148, val_loss=1.3156, val_acc=0.2679
[2026-04-26 14:08:46] [Epoch 018] train_loss=0.3013, train_acc=0.7947, val_loss=0.9933, val_acc=0.7857
[2026-04-26 14:08:52] [Epoch 019] train_loss=0.3341, train_acc=0.7643, val_loss=0.6693, val_acc=0.6607
[2026-04-26 14:08:58] [Epoch 020] train_loss=0.3353, train_acc=0.7985, val_loss=0.7767, val_acc=0.5893
[2026-04-26 14:09:04] [Epoch 021] train_loss=0.3005, train_acc=0.8593, val_loss=1.9024, val_acc=0.2500
[2026-04-26 14:09:10] [Epoch 022] train_loss=0.3076, train_acc=0.7643, val_loss=1.0245, val_acc=0.4821
[2026-04-26 14:09:16] [Epoch 023] train_loss=0.2976, train_acc=0.8099, val_loss=1.0539, val_acc=0.4464
[2026-04-26 14:09:22] [Epoch 024] train_loss=0.2355, train_acc=0.8403, val_loss=0.6560, val_acc=0.6607
[2026-04-26 14:09:28] [Epoch 025] train_loss=0.3050, train_acc=0.8175, val_loss=0.8911, val_acc=0.8036
[2026-04-26 14:09:34] [Epoch 026] train_loss=0.2818, train_acc=0.8137, val_loss=0.9188, val_acc=0.8036
[2026-04-26 14:09:40] [Epoch 027] train_loss=0.2973, train_acc=0.8251, val_loss=1.3735, val_acc=0.3393
[2026-04-26 14:09:46] [Epoch 028] train_loss=0.3253, train_acc=0.8213, val_loss=1.7518, val_acc=0.2500
[2026-04-26 14:09:52] [Epoch 029] train_loss=0.3448, train_acc=0.7795, val_loss=0.8630, val_acc=0.6964
[2026-04-26 14:09:58] [Epoch 030] train_loss=0.3934, train_acc=0.7985, val_loss=0.5442, val_acc=0.7321
[2026-04-26 14:09:59] [信噪] Training complete.
[2026-04-26 14:09:59] [信噪] Best model: ./experiments/efficientnet_rvalue_tmp123213/best_model.pt
[2026-04-26 14:09:59] [信噪] Test accuracy: 0.7857
[2026-04-26 14:09:59] [train] outputs -> ./experiments/efficientnet_rvalue_tmp123213
[2026-04-26 14:09:59] [pipeline] completed
